Using pre-set license
Built from '2021.1/release' branch; Version is '2021.1.0f1 (61a549675243) revision 6399305'; Using compiler version '192528614'; Build Type 'Release'
OS: 'Windows 10 Home; OS build 19043.1466; Version 2009; 64bit' Language: 'en' Physical Memory: 8034 MB
BatchMode: 1, IsHumanControllingUs: 0, StartBugReporterOnCrash: 0, Is64bit: 1, IsPro: 0

 COMMAND LINE ARGUMENTS:
C:\Program Files\Unity\Hub\Editor\2021.1.0f1\Editor\Unity.exe
-adb2
-batchMode
-noUpm
-name
AssetImportWorker1
-projectPath
C:/Users/Johnel/Documents/GitHub/Pokemon Melody and Harmony
-logFile
Logs/AssetImportWorker1.log
-srvPort
61339
Successfully changed project path to: C:/Users/Johnel/Documents/GitHub/Pokemon Melody and Harmony
C:/Users/Johnel/Documents/GitHub/Pokemon Melody and Harmony
Using Asset Import Pipeline V2.
Refreshing native plugins compatible for Editor in 67.12 ms, found 0 plugins.
Preloading 0 native plugins for Editor in 0.00 ms.
Initialize engine version: 2021.1.0f1 (61a549675243)
[Subsystems] Discovering subsystems at path C:/Program Files/Unity/Hub/Editor/2021.1.0f1/Editor/Data/Resources/UnitySubsystems
[Subsystems] Discovering subsystems at path C:/Users/Johnel/Documents/GitHub/Pokemon Melody and Harmony/Assets
GfxDevice: creating device client; threaded=0; jobified=0
Direct3D:
    Version:  Direct3D 11.0 [level 11.1]
    Renderer: NVIDIA GeForce GTX 1050 (ID=0x1c8d)
    Vendor:   NVIDIA
    VRAM:     4019 MB
    Driver:   27.21.14.6677
Initialize mono
Mono path[0] = 'C:/Program Files/Unity/Hub/Editor/2021.1.0f1/Editor/Data/Managed'
Mono path[1] = 'C:/Program Files/Unity/Hub/Editor/2021.1.0f1/Editor/Data/MonoBleedingEdge/lib/mono/unityjit'
Mono config path = 'C:/Program Files/Unity/Hub/Editor/2021.1.0f1/Editor/Data/MonoBleedingEdge/etc'
Using monoOptions --debugger-agent=transport=dt_socket,embedding=1,server=y,suspend=n,address=127.0.0.1:56680
Begin MonoManager ReloadAssembly
Registering precompiled unity dll's ...
Register platform support module: C:/Program Files/Unity/Hub/Editor/2021.1.0f1/Editor/Data/PlaybackEngines/WebGLSupport/UnityEditor.WebGL.Extensions.dll
Register platform support module: C:/Program Files/Unity/Hub/Editor/2021.1.0f1/Editor/Data/PlaybackEngines/WindowsStandaloneSupport/UnityEditor.WindowsStandalone.Extensions.dll
Registered in 0.003112 seconds.
Native extension for WindowsStandalone target not found
Native extension for WebGL target not found
Refreshing native plugins compatible for Editor in 50.24 ms, found 0 plugins.
Preloading 0 native plugins for Editor in 0.00 ms.
Mono: successfully reloaded assembly
- Completed reload, in  3.336 seconds
Platform modules already initialized, skipping
Registering precompiled user dll's ...
Registered in 0.002813 seconds.
Begin MonoManager ReloadAssembly
Native extension for WindowsStandalone target not found
Native extension for WebGL target not found
Refreshing native plugins compatible for Editor in 0.46 ms, found 0 plugins.
Preloading 0 native plugins for Editor in 0.00 ms.
Mono: successfully reloaded assembly
- Completed reload, in  1.174 seconds
Platform modules already initialized, skipping
========================================================================
Worker process is ready to serve import requests
Launched and connected shader compiler UnityShaderCompiler.exe after 0.30 seconds
Refreshing native plugins compatible for Editor in 0.89 ms, found 0 plugins.
Preloading 0 native plugins for Editor in 0.00 ms.
Unloading 1640 Unused Serialized files (Serialized files now loaded: 0)
System memory in use before: 72.1 MB.
System memory in use after: 72.2 MB.

Unloading 42 unused Assets to reduce memory usage. Loaded Objects now: 2079.
Total: 5.641500 ms (FindLiveObjects: 0.268900 ms CreateObjectMapping: 0.133000 ms MarkObjects: 5.167900 ms  DeleteObjects: 0.070300 ms)

========================================================================
Received Import Request.
  path: ProjectSettings/TagManager.asset
  artifactKey: Guid(00000000000000003000000000000000) Importer(815301076,1909f56bfc062723c751e8b465ee728b)
Start importing ProjectSettings/TagManager.asset using Guid(00000000000000003000000000000000) Importer(815301076,1909f56bfc062723c751e8b465ee728b)  -> (artifact id: '6823983732e92cd8248bd23a3d88ad32') in 0.140630 seconds 
========================================================================
Received Import Request.
  Time since last request: 0.000363 seconds.
  path: Assets/Anim
  artifactKey: Guid(af4c5bb61ef4d44429752df42bbae5ff) Importer(815301076,1909f56bfc062723c751e8b465ee728b)
Start importing Assets/Anim using Guid(af4c5bb61ef4d44429752df42bbae5ff) Importer(815301076,1909f56bfc062723c751e8b465ee728b)  -> (artifact id: '4b15ce8fe7218624d2595a3bce5d6cb0') in 0.003433 seconds 
========================================================================
Received Import Request.
  Time since last request: 873.720800 seconds.
  path: Assets/Scripts/WildPokemonScript.cs
  artifactKey: Guid(edb882b32fb1d86478611ff13812bb46) Importer(815301076,1909f56bfc062723c751e8b465ee728b)
Start importing Assets/Scripts/WildPokemonScript.cs using Guid(edb882b32fb1d86478611ff13812bb46) Importer(815301076,1909f56bfc062723c751e8b465ee728b)  -> (artifact id: '12d8250b9c6d2f4a4eae0fb5cf916324') in 0.275439 seconds 
========================================================================
Received Prepare
Registering precompiled user dll's ...
Registered in 0.002758 seconds.
Begin MonoManager ReloadAssembly
Native extension for WindowsStandalone target not found
Native extension for WebGL target not found
Refreshing native plugins compatible for Editor in 0.44 ms, found 0 plugins.
Preloading 0 native plugins for Editor in 0.00 ms.
Mono: successfully reloaded assembly
- Completed reload, in  0.859 seconds
Platform modules already initialized, skipping
Refreshing native plugins compatible for Editor in 0.46 ms, found 0 plugins.
Preloading 0 native plugins for Editor in 0.00 ms.
Unloading 1635 Unused Serialized files (Serialized files now loaded: 0)
System memory in use before: 72.1 MB.
System memory in use after: 72.2 MB.

Unloading 34 unused Assets to reduce memory usage. Loaded Objects now: 2082.
Total: 5.276900 ms (FindLiveObjects: 0.147800 ms CreateObjectMapping: 0.060100 ms MarkObjects: 5.045300 ms  DeleteObjects: 0.022500 ms)

========================================================================
Received Import Request.
  Time since last request: 528.171643 seconds.
  path: Assets/Resources/WildPokemon.prefab
  artifactKey: Guid(c02c68d3e883d0f4c8e3528dfe08ef22) Importer(815301076,1909f56bfc062723c751e8b465ee728b)
Start importing Assets/Resources/WildPokemon.prefab using Guid(c02c68d3e883d0f4c8e3528dfe08ef22) Importer(815301076,1909f56bfc062723c751e8b465ee728b)  -> (artifact id: '75f4557a71296ffcd4a3519d31fde26c') in 0.354097 seconds 
========================================================================
Received Prepare
Registering precompiled user dll's ...
Registered in 0.003412 seconds.
Begin MonoManager ReloadAssembly
Native extension for WindowsStandalone target not found
Native extension for WebGL target not found
Refreshing native plugins compatible for Editor in 0.42 ms, found 0 plugins.
Preloading 0 native plugins for Editor in 0.00 ms.
Mono: successfully reloaded assembly
- Completed reload, in  0.890 seconds
Platform modules already initialized, skipping
Refreshing native plugins compatible for Editor in 0.44 ms, found 0 plugins.
Preloading 0 native plugins for Editor in 0.00 ms.
Unloading 1635 Unused Serialized files (Serialized files now loaded: 0)
System memory in use before: 75.9 MB.
System memory in use after: 76.0 MB.

Unloading 33 unused Assets to reduce memory usage. Loaded Objects now: 2092.
Total: 5.628300 ms (FindLiveObjects: 0.186000 ms CreateObjectMapping: 0.080900 ms MarkObjects: 5.329800 ms  DeleteObjects: 0.028900 ms)

========================================================================
Received Import Request.
  Time since last request: 54.700106 seconds.
  path: Assets/Resources/WildPokemon.prefab
  artifactKey: Guid(c02c68d3e883d0f4c8e3528dfe08ef22) Importer(815301076,1909f56bfc062723c751e8b465ee728b)
Start importing Assets/Resources/WildPokemon.prefab using Guid(c02c68d3e883d0f4c8e3528dfe08ef22) Importer(815301076,1909f56bfc062723c751e8b465ee728b)  -> (artifact id: '98641b1e7156865795f88532a1b67005') in 0.058189 seconds 
========================================================================
Received Prepare
Registering precompiled user dll's ...
Registered in 0.003711 seconds.
Begin MonoManager ReloadAssembly
Native extension for WindowsStandalone target not found
Native extension for WebGL target not found
Refreshing native plugins compatible for Editor in 0.43 ms, found 0 plugins.
Preloading 0 native plugins for Editor in 0.00 ms.
Mono: successfully reloaded assembly
- Completed reload, in  0.915 seconds
Platform modules already initialized, skipping
Refreshing native plugins compatible for Editor in 0.42 ms, found 0 plugins.
Preloading 0 native plugins for Editor in 0.00 ms.
Unloading 1635 Unused Serialized files (Serialized files now loaded: 0)
System memory in use before: 75.9 MB.
System memory in use after: 76.0 MB.

Unloading 33 unused Assets to reduce memory usage. Loaded Objects now: 2096.
Total: 5.246300 ms (FindLiveObjects: 0.199300 ms CreateObjectMapping: 0.084800 ms MarkObjects: 4.939000 ms  DeleteObjects: 0.021400 ms)

========================================================================
Received Prepare
Registering precompiled user dll's ...
Registered in 0.002737 seconds.
Begin MonoManager ReloadAssembly
Native extension for WindowsStandalone target not found
Native extension for WebGL target not found
Refreshing native plugins compatible for Editor in 0.45 ms, found 0 plugins.
Preloading 0 native plugins for Editor in 0.00 ms.
Mono: successfully reloaded assembly
- Completed reload, in  0.893 seconds
Platform modules already initialized, skipping
Refreshing native plugins compatible for Editor in 0.48 ms, found 0 plugins.
Preloading 0 native plugins for Editor in 0.00 ms.
Unloading 1635 Unused Serialized files (Serialized files now loaded: 0)
System memory in use before: 76.0 MB.
System memory in use after: 76.1 MB.

Unloading 33 unused Assets to reduce memory usage. Loaded Objects now: 2099.
Total: 4.577200 ms (FindLiveObjects: 0.158200 ms CreateObjectMapping: 0.048800 ms MarkObjects: 4.350500 ms  DeleteObjects: 0.018300 ms)

========================================================================
Received Prepare
Registering precompiled user dll's ...
Registered in 0.002681 seconds.
Begin MonoManager ReloadAssembly
Native extension for WindowsStandalone target not found
Native extension for WebGL target not found
Refreshing native plugins compatible for Editor in 0.42 ms, found 0 plugins.
Preloading 0 native plugins for Editor in 0.00 ms.
Mono: successfully reloaded assembly
- Completed reload, in  1.097 seconds
Platform modules already initialized, skipping
Refreshing native plugins compatible for Editor in 0.56 ms, found 0 plugins.
Preloading 0 native plugins for Editor in 0.00 ms.
Unloading 1635 Unused Serialized files (Serialized files now loaded: 0)
System memory in use before: 76.0 MB.
System memory in use after: 76.1 MB.

Unloading 33 unused Assets to reduce memory usage. Loaded Objects now: 2102.
Total: 6.886500 ms (FindLiveObjects: 0.719200 ms CreateObjectMapping: 0.219000 ms MarkObjects: 5.918000 ms  DeleteObjects: 0.027400 ms)

========================================================================
Received Prepare
Registering precompiled user dll's ...
Registered in 0.002970 seconds.
Begin MonoManager ReloadAssembly
Native extension for WindowsStandalone target not found
Native extension for WebGL target not found
Refreshing native plugins compatible for Editor in 0.52 ms, found 0 plugins.
Preloading 0 native plugins for Editor in 0.00 ms.
Mono: successfully reloaded assembly
- Completed reload, in  0.942 seconds
Platform modules already initialized, skipping
Refreshing native plugins compatible for Editor in 0.41 ms, found 0 plugins.
Preloading 0 native plugins for Editor in 0.00 ms.
Unloading 1635 Unused Serialized files (Serialized files now loaded: 0)
System memory in use before: 76.0 MB.
System memory in use after: 76.1 MB.

Unloading 33 unused Assets to reduce memory usage. Loaded Objects now: 2105.
Total: 5.495600 ms (FindLiveObjects: 0.216800 ms CreateObjectMapping: 0.080000 ms MarkObjects: 5.177600 ms  DeleteObjects: 0.019700 ms)

========================================================================
Received Prepare
Registering precompiled user dll's ...
Registered in 0.002898 seconds.
Begin MonoManager ReloadAssembly
Native extension for WindowsStandalone target not found
Native extension for WebGL target not found
Refreshing native plugins compatible for Editor in 0.52 ms, found 0 plugins.
Preloading 0 native plugins for Editor in 0.00 ms.
Mono: successfully reloaded assembly
- Completed reload, in  1.156 seconds
Platform modules already initialized, skipping
Refreshing native plugins compatible for Editor in 0.93 ms, found 0 plugins.
Preloading 0 native plugins for Editor in 0.00 ms.
Unloading 1635 Unused Serialized files (Serialized files now loaded: 0)
System memory in use before: 76.0 MB.
System memory in use after: 76.1 MB.

Unloading 33 unused Assets to reduce memory usage. Loaded Objects now: 2108.
Total: 7.057100 ms (FindLiveObjects: 0.349400 ms CreateObjectMapping: 0.149800 ms MarkObjects: 6.533200 ms  DeleteObjects: 0.022700 ms)

========================================================================
Received Prepare
Registering precompiled user dll's ...
Registered in 0.002739 seconds.
Begin MonoManager ReloadAssembly
Native extension for WindowsStandalone target not found
Native extension for WebGL target not found
Refreshing native plugins compatible for Editor in 0.79 ms, found 0 plugins.
Preloading 0 native plugins for Editor in 0.00 ms.
Mono: successfully reloaded assembly
- Completed reload, in  1.156 seconds
Platform modules already initialized, skipping
Refreshing native plugins compatible for Editor in 0.58 ms, found 0 plugins.
Preloading 0 native plugins for Editor in 0.00 ms.
Unloading 1635 Unused Serialized files (Serialized files now loaded: 0)
System memory in use before: 76.0 MB.
System memory in use after: 76.1 MB.

Unloading 33 unused Assets to reduce memory usage. Loaded Objects now: 2111.
Total: 7.649600 ms (FindLiveObjects: 0.226900 ms CreateObjectMapping: 0.069800 ms MarkObjects: 7.320500 ms  DeleteObjects: 0.030200 ms)

========================================================================
Received Prepare
Registering precompiled user dll's ...
Registered in 0.002697 seconds.
Begin MonoManager ReloadAssembly
Native extension for WindowsStandalone target not found
Native extension for WebGL target not found
Refreshing native plugins compatible for Editor in 0.99 ms, found 0 plugins.
Preloading 0 native plugins for Editor in 0.00 ms.
Mono: successfully reloaded assembly
- Completed reload, in  1.187 seconds
Platform modules already initialized, skipping
Refreshing native plugins compatible for Editor in 0.61 ms, found 0 plugins.
Preloading 0 native plugins for Editor in 0.00 ms.
Unloading 1635 Unused Serialized files (Serialized files now loaded: 0)
System memory in use before: 76.0 MB.
System memory in use after: 76.1 MB.

Unloading 33 unused Assets to reduce memory usage. Loaded Objects now: 2114.
Total: 7.008700 ms (FindLiveObjects: 0.170400 ms CreateObjectMapping: 0.063200 ms MarkObjects: 6.740400 ms  DeleteObjects: 0.033200 ms)

========================================================================
Received Prepare
Registering precompiled user dll's ...
Registered in 0.002629 seconds.
Begin MonoManager ReloadAssembly
Native extension for WindowsStandalone target not found
Native extension for WebGL target not found
Refreshing native plugins compatible for Editor in 0.49 ms, found 0 plugins.
Preloading 0 native plugins for Editor in 0.00 ms.
Mono: successfully reloaded assembly
- Completed reload, in  0.903 seconds
Platform modules already initialized, skipping
Refreshing native plugins compatible for Editor in 0.42 ms, found 0 plugins.
Preloading 0 native plugins for Editor in 0.00 ms.
Unloading 1635 Unused Serialized files (Serialized files now loaded: 0)
System memory in use before: 76.0 MB.
System memory in use after: 76.1 MB.

Unloading 33 unused Assets to reduce memory usage. Loaded Objects now: 2117.
Total: 5.524600 ms (FindLiveObjects: 0.242600 ms CreateObjectMapping: 0.114100 ms MarkObjects: 5.142800 ms  DeleteObjects: 0.023700 ms)

========================================================================
Received Prepare
Registering precompiled user dll's ...
Registered in 0.003600 seconds.
Begin MonoManager ReloadAssembly
Native extension for WindowsStandalone target not found
Native extension for WebGL target not found
Refreshing native plugins compatible for Editor in 0.53 ms, found 0 plugins.
Preloading 0 native plugins for Editor in 0.00 ms.
Mono: successfully reloaded assembly
- Completed reload, in  1.171 seconds
Platform modules already initialized, skipping
Refreshing native plugins compatible for Editor in 0.70 ms, found 0 plugins.
Preloading 0 native plugins for Editor in 0.00 ms.
Unloading 1635 Unused Serialized files (Serialized files now loaded: 0)
System memory in use before: 76.0 MB.
System memory in use after: 76.1 MB.

Unloading 33 unused Assets to reduce memory usage. Loaded Objects now: 2120.
Total: 6.916100 ms (FindLiveObjects: 0.237700 ms CreateObjectMapping: 0.075200 ms MarkObjects: 6.571600 ms  DeleteObjects: 0.029500 ms)

========================================================================
Received Prepare
Registering precompiled user dll's ...
Registered in 0.002704 seconds.
Begin MonoManager ReloadAssembly
Native extension for WindowsStandalone target not found
Native extension for WebGL target not found
Refreshing native plugins compatible for Editor in 0.42 ms, found 0 plugins.
Preloading 0 native plugins for Editor in 0.00 ms.
Mono: successfully reloaded assembly
- Completed reload, in  0.897 seconds
Platform modules already initialized, skipping
Refreshing native plugins compatible for Editor in 0.47 ms, found 0 plugins.
Preloading 0 native plugins for Editor in 0.00 ms.
Unloading 1635 Unused Serialized files (Serialized files now loaded: 0)
System memory in use before: 76.0 MB.
System memory in use after: 76.1 MB.

Unloading 33 unused Assets to reduce memory usage. Loaded Objects now: 2123.
Total: 5.165100 ms (FindLiveObjects: 0.167800 ms CreateObjectMapping: 0.067700 ms MarkObjects: 4.908500 ms  DeleteObjects: 0.019800 ms)

========================================================================
Received Import Request.
  Time since last request: 435.889268 seconds.
  path: Assets/Resources/WildPokemon.prefab
  artifactKey: Guid(c02c68d3e883d0f4c8e3528dfe08ef22) Importer(815301076,1909f56bfc062723c751e8b465ee728b)
Start importing Assets/Resources/WildPokemon.prefab using Guid(c02c68d3e883d0f4c8e3528dfe08ef22) Importer(815301076,1909f56bfc062723c751e8b465ee728b)  -> (artifact id: '1f8d4d331568585dd37b2fb64d2390a1') in 0.059870 seconds 
========================================================================
Received Prepare
Registering precompiled user dll's ...
Registered in 0.003029 seconds.
Begin MonoManager ReloadAssembly
Native extension for WindowsStandalone target not found
Native extension for WebGL target not found
Refreshing native plugins compatible for Editor in 0.50 ms, found 0 plugins.
Preloading 0 native plugins for Editor in 0.00 ms.
Mono: successfully reloaded assembly
- Completed reload, in  1.212 seconds
Platform modules already initialized, skipping
Refreshing native plugins compatible for Editor in 0.56 ms, found 0 plugins.
Preloading 0 native plugins for Editor in 0.00 ms.
Unloading 1635 Unused Serialized files (Serialized files now loaded: 0)
System memory in use before: 76.0 MB.
System memory in use after: 76.1 MB.

Unloading 33 unused Assets to reduce memory usage. Loaded Objects now: 2127.
Total: 7.301800 ms (FindLiveObjects: 0.186200 ms CreateObjectMapping: 0.069900 ms MarkObjects: 7.008300 ms  DeleteObjects: 0.035600 ms)

========================================================================
Received Import Request.
  Time since last request: 31.948005 seconds.
  path: Assets/Resources/WildPokemon.prefab
  artifactKey: Guid(c02c68d3e883d0f4c8e3528dfe08ef22) Importer(815301076,1909f56bfc062723c751e8b465ee728b)
Start importing Assets/Resources/WildPokemon.prefab using Guid(c02c68d3e883d0f4c8e3528dfe08ef22) Importer(815301076,1909f56bfc062723c751e8b465ee728b)  -> (artifact id: 'd252ad71a128dafe1ce1510a2cec6047') in 0.069866 seconds 
========================================================================
Received Prepare
Registering precompiled user dll's ...
Registered in 0.006285 seconds.
Begin MonoManager ReloadAssembly
Native extension for WindowsStandalone target not found
Native extension for WebGL target not found
Refreshing native plugins compatible for Editor in 0.54 ms, found 0 plugins.
Preloading 0 native plugins for Editor in 0.00 ms.
Mono: successfully reloaded assembly
- Completed reload, in  1.265 seconds
Platform modules already initialized, skipping
Refreshing native plugins compatible for Editor in 0.82 ms, found 0 plugins.
Preloading 0 native plugins for Editor in 0.00 ms.
Unloading 1635 Unused Serialized files (Serialized files now loaded: 0)
System memory in use before: 76.0 MB.
System memory in use after: 76.1 MB.

Unloading 33 unused Assets to reduce memory usage. Loaded Objects now: 2131.
Total: 7.960200 ms (FindLiveObjects: 0.306100 ms CreateObjectMapping: 0.106500 ms MarkObjects: 7.513000 ms  DeleteObjects: 0.032000 ms)

========================================================================
Received Prepare
Registering precompiled user dll's ...
Registered in 0.006947 seconds.
Begin MonoManager ReloadAssembly
Native extension for WindowsStandalone target not found
Native extension for WebGL target not found
Refreshing native plugins compatible for Editor in 1.19 ms, found 0 plugins.
Preloading 0 native plugins for Editor in 0.00 ms.
Mono: successfully reloaded assembly
- Completed reload, in  1.137 seconds
Platform modules already initialized, skipping
Refreshing native plugins compatible for Editor in 0.59 ms, found 0 plugins.
Preloading 0 native plugins for Editor in 0.00 ms.
Unloading 1635 Unused Serialized files (Serialized files now loaded: 0)
System memory in use before: 76.0 MB.
System memory in use after: 76.1 MB.

Unloading 33 unused Assets to reduce memory usage. Loaded Objects now: 2134.
Total: 6.580300 ms (FindLiveObjects: 0.196900 ms CreateObjectMapping: 0.061300 ms MarkObjects: 6.280200 ms  DeleteObjects: 0.039700 ms)

========================================================================
Received Prepare
Registering precompiled user dll's ...
Registered in 0.002932 seconds.
Begin MonoManager ReloadAssembly
Native extension for WindowsStandalone target not found
Native extension for WebGL target not found
Refreshing native plugins compatible for Editor in 0.42 ms, found 0 plugins.
Preloading 0 native plugins for Editor in 0.00 ms.
Mono: successfully reloaded assembly
- Completed reload, in  0.967 seconds
Platform modules already initialized, skipping
Refreshing native plugins compatible for Editor in 0.52 ms, found 0 plugins.
Preloading 0 native plugins for Editor in 0.00 ms.
Unloading 1635 Unused Serialized files (Serialized files now loaded: 0)
System memory in use before: 76.0 MB.
System memory in use after: 76.1 MB.

Unloading 33 unused Assets to reduce memory usage. Loaded Objects now: 2137.
Total: 5.886200 ms (FindLiveObjects: 0.216200 ms CreateObjectMapping: 0.086700 ms MarkObjects: 5.550100 ms  DeleteObjects: 0.031700 ms)

========================================================================
Received Prepare
Registering precompiled user dll's ...
Registered in 0.003759 seconds.
Begin MonoManager ReloadAssembly
Native extension for WindowsStandalone target not found
Native extension for WebGL target not found
Refreshing native plugins compatible for Editor in 0.47 ms, found 0 plugins.
Preloading 0 native plugins for Editor in 0.00 ms.
Mono: successfully reloaded assembly
- Completed reload, in  0.936 seconds
Platform modules already initialized, skipping
Refreshing native plugins compatible for Editor in 0.44 ms, found 0 plugins.
Preloading 0 native plugins for Editor in 0.00 ms.
Unloading 1635 Unused Serialized files (Serialized files now loaded: 0)
System memory in use before: 76.0 MB.
System memory in use after: 76.2 MB.

Unloading 33 unused Assets to reduce memory usage. Loaded Objects now: 2140.
Total: 5.484800 ms (FindLiveObjects: 0.258300 ms CreateObjectMapping: 0.096800 ms MarkObjects: 5.108300 ms  DeleteObjects: 0.019900 ms)

========================================================================
Received Prepare
Registering precompiled user dll's ...
Registered in 0.003932 seconds.
Begin MonoManager ReloadAssembly
Native extension for WindowsStandalone target not found
Native extension for WebGL target not found
Refreshing native plugins compatible for Editor in 0.52 ms, found 0 plugins.
Preloading 0 native plugins for Editor in 0.00 ms.
Mono: successfully reloaded assembly
- Completed reload, in  0.884 seconds
Platform modules already initialized, skipping
Refreshing native plugins compatible for Editor in 0.43 ms, found 0 plugins.
Preloading 0 native plugins for Editor in 0.00 ms.
Unloading 1635 Unused Serialized files (Serialized files now loaded: 0)
System memory in use before: 76.1 MB.
System memory in use after: 76.2 MB.

Unloading 33 unused Assets to reduce memory usage. Loaded Objects now: 2143.
Total: 6.104900 ms (FindLiveObjects: 0.232800 ms CreateObjectMapping: 0.096400 ms MarkObjects: 5.737600 ms  DeleteObjects: 0.019900 ms)

